<?xml version="1.0" encoding="UTF-8"?>
<testsuite xmlns:xsi="http://www.w3.org/2001/XMLSchema-instance" xsi:noNamespaceSchemaLocation="https://maven.apache.org/surefire/maven-surefire-plugin/xsd/surefire-test-report.xsd" name="com.tubai.study_html.StudyHtmlApplicationTests" time="8.69" tests="1" errors="0" skipped="0" failures="0">
  <properties>
    <property name="sun.desktop" value="windows"/>
    <property name="awt.toolkit" value="sun.awt.windows.WToolkit"/>
    <property name="java.specification.version" value="11"/>
    <property name="sun.cpu.isalist" value="amd64"/>
    <property name="sun.jnu.encoding" value="GBK"/>
    <property name="java.class.path" value="E:\java_source\study_html\target\test-classes;E:\java_source\study_html\target\classes;E:\java_source\mavenRelevant\maven_repository\io\springfox\springfox-swagger2\2.9.2\springfox-swagger2-2.9.2.jar;E:\java_source\mavenRelevant\maven_repository\io\springfox\springfox-spi\2.9.2\springfox-spi-2.9.2.jar;E:\java_source\mavenRelevant\maven_repository\io\springfox\springfox-core\2.9.2\springfox-core-2.9.2.jar;E:\java_source\mavenRelevant\maven_repository\io\springfox\springfox-schema\2.9.2\springfox-schema-2.9.2.jar;E:\java_source\mavenRelevant\maven_repository\io\springfox\springfox-swagger-common\2.9.2\springfox-swagger-common-2.9.2.jar;E:\java_source\mavenRelevant\maven_repository\io\springfox\springfox-spring-web\2.9.2\springfox-spring-web-2.9.2.jar;E:\java_source\mavenRelevant\maven_repository\com\google\guava\guava\20.0\guava-20.0.jar;E:\java_source\mavenRelevant\maven_repository\com\fasterxml\classmate\1.5.1\classmate-1.5.1.jar;E:\java_source\mavenRelevant\maven_repository\org\slf4j\slf4j-api\1.7.32\slf4j-api-1.7.32.jar;E:\java_source\mavenRelevant\maven_repository\org\springframework\plugin\spring-plugin-core\1.2.0.RELEASE\spring-plugin-core-1.2.0.RELEASE.jar;E:\java_source\mavenRelevant\maven_repository\org\springframework\spring-beans\5.3.9\spring-beans-5.3.9.jar;E:\java_source\mavenRelevant\maven_repository\org\springframework\spring-context\5.3.9\spring-context-5.3.9.jar;E:\java_source\mavenRelevant\maven_repository\org\springframework\spring-aop\5.3.9\spring-aop-5.3.9.jar;E:\java_source\mavenRelevant\maven_repository\org\springframework\plugin\spring-plugin-metadata\1.2.0.RELEASE\spring-plugin-metadata-1.2.0.RELEASE.jar;E:\java_source\mavenRelevant\maven_repository\org\mapstruct\mapstruct\1.2.0.Final\mapstruct-1.2.0.Final.jar;E:\java_source\mavenRelevant\maven_repository\log4j\log4j\1.2.17\log4j-1.2.17.jar;E:\java_source\mavenRelevant\maven_repository\junit\junit\4.13.2\junit-4.13.2.jar;E:\java_source\mavenRelevant\maven_repository\org\hamcrest\hamcrest-core\2.2\hamcrest-core-2.2.jar;E:\java_source\mavenRelevant\maven_repository\org\junit\jupiter\junit-jupiter-api\5.7.2\junit-jupiter-api-5.7.2.jar;E:\java_source\mavenRelevant\maven_repository\org\apiguardian\apiguardian-api\1.1.0\apiguardian-api-1.1.0.jar;E:\java_source\mavenRelevant\maven_repository\org\opentest4j\opentest4j\1.2.0\opentest4j-1.2.0.jar;E:\java_source\mavenRelevant\maven_repository\org\junit\platform\junit-platform-commons\1.7.2\junit-platform-commons-1.7.2.jar;E:\java_source\mavenRelevant\maven_repository\io\springfox\springfox-swagger-ui\2.9.2\springfox-swagger-ui-2.9.2.jar;E:\java_source\mavenRelevant\maven_repository\com\auth0\java-jwt\3.12.1\java-jwt-3.12.1.jar;E:\java_source\mavenRelevant\maven_repository\com\fasterxml\jackson\core\jackson-databind\2.12.4\jackson-databind-2.12.4.jar;E:\java_source\mavenRelevant\maven_repository\com\fasterxml\jackson\core\jackson-core\2.12.4\jackson-core-2.12.4.jar;E:\java_source\mavenRelevant\maven_repository\commons-codec\commons-codec\1.15\commons-codec-1.15.jar;E:\java_source\mavenRelevant\maven_repository\org\apache\shiro\shiro-spring\1.4.1\shiro-spring-1.4.1.jar;E:\java_source\mavenRelevant\maven_repository\org\apache\shiro\shiro-core\1.4.1\shiro-core-1.4.1.jar;E:\java_source\mavenRelevant\maven_repository\org\apache\shiro\shiro-lang\1.4.1\shiro-lang-1.4.1.jar;E:\java_source\mavenRelevant\maven_repository\org\apache\shiro\shiro-cache\1.4.1\shiro-cache-1.4.1.jar;E:\java_source\mavenRelevant\maven_repository\org\apache\shiro\shiro-crypto-hash\1.4.1\shiro-crypto-hash-1.4.1.jar;E:\java_source\mavenRelevant\maven_repository\org\apache\shiro\shiro-crypto-core\1.4.1\shiro-crypto-core-1.4.1.jar;E:\java_source\mavenRelevant\maven_repository\org\apache\shiro\shiro-crypto-cipher\1.4.1\shiro-crypto-cipher-1.4.1.jar;E:\java_source\mavenRelevant\maven_repository\org\apache\shiro\shiro-config-core\1.4.1\shiro-config-core-1.4.1.jar;E:\java_source\mavenRelevant\maven_repository\org\apache\shiro\shiro-config-ogdl\1.4.1\shiro-config-ogdl-1.4.1.jar;E:\java_source\mavenRelevant\maven_repository\org\apache\shiro\shiro-event\1.4.1\shiro-event-1.4.1.jar;E:\java_source\mavenRelevant\maven_repository\org\apache\shiro\shiro-web\1.4.1\shiro-web-1.4.1.jar;E:\java_source\mavenRelevant\maven_repository\org\springframework\boot\spring-boot-starter\2.5.4\spring-boot-starter-2.5.4.jar;E:\java_source\mavenRelevant\maven_repository\org\springframework\boot\spring-boot\2.5.4\spring-boot-2.5.4.jar;E:\java_source\mavenRelevant\maven_repository\org\springframework\boot\spring-boot-autoconfigure\2.5.4\spring-boot-autoconfigure-2.5.4.jar;E:\java_source\mavenRelevant\maven_repository\org\springframework\boot\spring-boot-starter-logging\2.5.4\spring-boot-starter-logging-2.5.4.jar;E:\java_source\mavenRelevant\maven_repository\ch\qos\logback\logback-classic\1.2.5\logback-classic-1.2.5.jar;E:\java_source\mavenRelevant\maven_repository\ch\qos\logback\logback-core\1.2.5\logback-core-1.2.5.jar;E:\java_source\mavenRelevant\maven_repository\org\apache\logging\log4j\log4j-to-slf4j\2.14.1\log4j-to-slf4j-2.14.1.jar;E:\java_source\mavenRelevant\maven_repository\org\apache\logging\log4j\log4j-api\2.14.1\log4j-api-2.14.1.jar;E:\java_source\mavenRelevant\maven_repository\org\slf4j\jul-to-slf4j\1.7.32\jul-to-slf4j-1.7.32.jar;E:\java_source\mavenRelevant\maven_repository\jakarta\annotation\jakarta.annotation-api\1.3.5\jakarta.annotation-api-1.3.5.jar;E:\java_source\mavenRelevant\maven_repository\org\springframework\spring-core\5.3.9\spring-core-5.3.9.jar;E:\java_source\mavenRelevant\maven_repository\org\springframework\spring-jcl\5.3.9\spring-jcl-5.3.9.jar;E:\java_source\mavenRelevant\maven_repository\org\yaml\snakeyaml\1.28\snakeyaml-1.28.jar;E:\java_source\mavenRelevant\maven_repository\org\projectlombok\lombok\1.18.20\lombok-1.18.20.jar;E:\java_source\mavenRelevant\maven_repository\org\springframework\boot\spring-boot-starter-web\2.5.4\spring-boot-starter-web-2.5.4.jar;E:\java_source\mavenRelevant\maven_repository\org\springframework\boot\spring-boot-starter-json\2.5.4\spring-boot-starter-json-2.5.4.jar;E:\java_source\mavenRelevant\maven_repository\com\fasterxml\jackson\datatype\jackson-datatype-jdk8\2.12.4\jackson-datatype-jdk8-2.12.4.jar;E:\java_source\mavenRelevant\maven_repository\com\fasterxml\jackson\datatype\jackson-datatype-jsr310\2.12.4\jackson-datatype-jsr310-2.12.4.jar;E:\java_source\mavenRelevant\maven_repository\com\fasterxml\jackson\module\jackson-module-parameter-names\2.12.4\jackson-module-parameter-names-2.12.4.jar;E:\java_source\mavenRelevant\maven_repository\org\springframework\boot\spring-boot-starter-tomcat\2.5.4\spring-boot-starter-tomcat-2.5.4.jar;E:\java_source\mavenRelevant\maven_repository\org\apache\tomcat\embed\tomcat-embed-core\9.0.52\tomcat-embed-core-9.0.52.jar;E:\java_source\mavenRelevant\maven_repository\org\apache\tomcat\embed\tomcat-embed-el\9.0.52\tomcat-embed-el-9.0.52.jar;E:\java_source\mavenRelevant\maven_repository\org\apache\tomcat\embed\tomcat-embed-websocket\9.0.52\tomcat-embed-websocket-9.0.52.jar;E:\java_source\mavenRelevant\maven_repository\org\springframework\spring-web\5.3.9\spring-web-5.3.9.jar;E:\java_source\mavenRelevant\maven_repository\org\springframework\spring-webmvc\5.3.9\spring-webmvc-5.3.9.jar;E:\java_source\mavenRelevant\maven_repository\org\springframework\spring-expression\5.3.9\spring-expression-5.3.9.jar;E:\java_source\mavenRelevant\maven_repository\org\mybatis\spring\boot\mybatis-spring-boot-starter\2.1.4\mybatis-spring-boot-starter-2.1.4.jar;E:\java_source\mavenRelevant\maven_repository\org\springframework\boot\spring-boot-starter-jdbc\2.5.4\spring-boot-starter-jdbc-2.5.4.jar;E:\java_source\mavenRelevant\maven_repository\com\zaxxer\HikariCP\4.0.3\HikariCP-4.0.3.jar;E:\java_source\mavenRelevant\maven_repository\org\springframework\spring-jdbc\5.3.9\spring-jdbc-5.3.9.jar;E:\java_source\mavenRelevant\maven_repository\org\springframework\spring-tx\5.3.9\spring-tx-5.3.9.jar;E:\java_source\mavenRelevant\maven_repository\org\mybatis\spring\boot\mybatis-spring-boot-autoconfigure\2.1.4\mybatis-spring-boot-autoconfigure-2.1.4.jar;E:\java_source\mavenRelevant\maven_repository\org\mybatis\mybatis\3.5.6\mybatis-3.5.6.jar;E:\java_source\mavenRelevant\maven_repository\org\mybatis\mybatis-spring\2.0.6\mybatis-spring-2.0.6.jar;E:\java_source\mavenRelevant\maven_repository\org\springframework\boot\spring-boot-devtools\2.5.4\spring-boot-devtools-2.5.4.jar;E:\java_source\mavenRelevant\maven_repository\com\alibaba\fastjson\1.2.75\fastjson-1.2.75.jar;E:\java_source\mavenRelevant\maven_repository\net\sf\json-lib\json-lib\2.4\json-lib-2.4-jdk15.jar;E:\java_source\mavenRelevant\maven_repository\commons-beanutils\commons-beanutils\1.8.0\commons-beanutils-1.8.0.jar;E:\java_source\mavenRelevant\maven_repository\commons-collections\commons-collections\3.2.1\commons-collections-3.2.1.jar;E:\java_source\mavenRelevant\maven_repository\commons-lang\commons-lang\2.5\commons-lang-2.5.jar;E:\java_source\mavenRelevant\maven_repository\commons-logging\commons-logging\1.1.1\commons-logging-1.1.1.jar;E:\java_source\mavenRelevant\maven_repository\net\sf\ezmorph\ezmorph\1.0.6\ezmorph-1.0.6.jar;E:\java_source\mavenRelevant\maven_repository\org\apache\httpcomponents\httpclient\4.5.13\httpclient-4.5.13.jar;E:\java_source\mavenRelevant\maven_repository\org\apache\httpcomponents\httpcore\4.4.14\httpcore-4.4.14.jar;E:\java_source\mavenRelevant\maven_repository\dom4j\dom4j\1.1\dom4j-1.1.jar;E:\java_source\mavenRelevant\maven_repository\mysql\mysql-connector-java\8.0.26\mysql-connector-java-8.0.26.jar;E:\java_source\mavenRelevant\maven_repository\org\springframework\boot\spring-boot-starter-test\2.5.4\spring-boot-starter-test-2.5.4.jar;E:\java_source\mavenRelevant\maven_repository\org\springframework\boot\spring-boot-test\2.5.4\spring-boot-test-2.5.4.jar;E:\java_source\mavenRelevant\maven_repository\org\springframework\boot\spring-boot-test-autoconfigure\2.5.4\spring-boot-test-autoconfigure-2.5.4.jar;E:\java_source\mavenRelevant\maven_repository\com\jayway\jsonpath\json-path\2.5.0\json-path-2.5.0.jar;E:\java_source\mavenRelevant\maven_repository\net\minidev\json-smart\2.4.7\json-smart-2.4.7.jar;E:\java_source\mavenRelevant\maven_repository\net\minidev\accessors-smart\2.4.7\accessors-smart-2.4.7.jar;E:\java_source\mavenRelevant\maven_repository\org\ow2\asm\asm\9.1\asm-9.1.jar;E:\java_source\mavenRelevant\maven_repository\jakarta\xml\bind\jakarta.xml.bind-api\2.3.3\jakarta.xml.bind-api-2.3.3.jar;E:\java_source\mavenRelevant\maven_repository\jakarta\activation\jakarta.activation-api\1.2.2\jakarta.activation-api-1.2.2.jar;E:\java_source\mavenRelevant\maven_repository\org\assertj\assertj-core\3.19.0\assertj-core-3.19.0.jar;E:\java_source\mavenRelevant\maven_repository\org\hamcrest\hamcrest\2.2\hamcrest-2.2.jar;E:\java_source\mavenRelevant\maven_repository\org\junit\jupiter\junit-jupiter\5.7.2\junit-jupiter-5.7.2.jar;E:\java_source\mavenRelevant\maven_repository\org\junit\jupiter\junit-jupiter-params\5.7.2\junit-jupiter-params-5.7.2.jar;E:\java_source\mavenRelevant\maven_repository\org\junit\jupiter\junit-jupiter-engine\5.7.2\junit-jupiter-engine-5.7.2.jar;E:\java_source\mavenRelevant\maven_repository\org\junit\platform\junit-platform-engine\1.7.2\junit-platform-engine-1.7.2.jar;E:\java_source\mavenRelevant\maven_repository\org\mockito\mockito-core\3.9.0\mockito-core-3.9.0.jar;E:\java_source\mavenRelevant\maven_repository\net\bytebuddy\byte-buddy\1.10.22\byte-buddy-1.10.22.jar;E:\java_source\mavenRelevant\maven_repository\net\bytebuddy\byte-buddy-agent\1.10.22\byte-buddy-agent-1.10.22.jar;E:\java_source\mavenRelevant\maven_repository\org\objenesis\objenesis\3.2\objenesis-3.2.jar;E:\java_source\mavenRelevant\maven_repository\org\mockito\mockito-junit-jupiter\3.9.0\mockito-junit-jupiter-3.9.0.jar;E:\java_source\mavenRelevant\maven_repository\org\skyscreamer\jsonassert\1.5.0\jsonassert-1.5.0.jar;E:\java_source\mavenRelevant\maven_repository\com\vaadin\external\google\android-json\0.0.20131108.vaadin1\android-json-0.0.20131108.vaadin1.jar;E:\java_source\mavenRelevant\maven_repository\org\springframework\spring-test\5.3.9\spring-test-5.3.9.jar;E:\java_source\mavenRelevant\maven_repository\org\xmlunit\xmlunit-core\2.8.2\xmlunit-core-2.8.2.jar;E:\java_source\mavenRelevant\maven_repository\org\webjars\bower\jquery\3.3.1\jquery-3.3.1.jar;E:\java_source\mavenRelevant\maven_repository\org\webjars\bootstrap\3.3.5\bootstrap-3.3.5.jar;E:\java_source\mavenRelevant\maven_repository\org\webjars\jquery\1.11.1\jquery-1.11.1.jar;E:\java_source\mavenRelevant\maven_repository\com\github\xiaoymin\swagger-bootstrap-ui\1.9.6\swagger-bootstrap-ui-1.9.6.jar;E:\java_source\mavenRelevant\maven_repository\org\javassist\javassist\3.25.0-GA\javassist-3.25.0-GA.jar;E:\java_source\mavenRelevant\maven_repository\io\swagger\swagger-annotations\1.5.22\swagger-annotations-1.5.22.jar;E:\java_source\mavenRelevant\maven_repository\io\swagger\swagger-models\1.5.22\swagger-models-1.5.22.jar;E:\java_source\mavenRelevant\maven_repository\com\fasterxml\jackson\core\jackson-annotations\2.12.4\jackson-annotations-2.12.4.jar;E:\java_source\mavenRelevant\maven_repository\com\github\pagehelper\pagehelper-spring-boot-starter\1.2.13\pagehelper-spring-boot-starter-1.2.13.jar;E:\java_source\mavenRelevant\maven_repository\com\github\pagehelper\pagehelper-spring-boot-autoconfigure\1.2.13\pagehelper-spring-boot-autoconfigure-1.2.13.jar;E:\java_source\mavenRelevant\maven_repository\com\github\pagehelper\pagehelper\5.1.11\pagehelper-5.1.11.jar;E:\java_source\mavenRelevant\maven_repository\com\github\jsqlparser\jsqlparser\2.0\jsqlparser-2.0.jar;E:\java_source\mavenRelevant\maven_repository\org\apache\commons\commons-lang3\3.9\commons-lang3-3.9.jar;E:\java_source\mavenRelevant\maven_repository\com\baomidou\mybatis-plus-boot-starter\3.3.0\mybatis-plus-boot-starter-3.3.0.jar;E:\java_source\mavenRelevant\maven_repository\com\baomidou\mybatis-plus\3.3.0\mybatis-plus-3.3.0.jar;E:\java_source\mavenRelevant\maven_repository\com\baomidou\mybatis-plus-generator\3.3.0\mybatis-plus-generator-3.3.0.jar;E:\java_source\mavenRelevant\maven_repository\com\baomidou\mybatis-plus-extension\3.3.0\mybatis-plus-extension-3.3.0.jar;E:\java_source\mavenRelevant\maven_repository\com\baomidou\mybatis-plus-core\3.3.0\mybatis-plus-core-3.3.0.jar;E:\java_source\mavenRelevant\maven_repository\com\baomidou\mybatis-plus-annotation\3.3.0\mybatis-plus-annotation-3.3.0.jar;E:\java_source\mavenRelevant\maven_repository\org\apache\velocity\velocity-engine-core\2.1\velocity-engine-core-2.1.jar;E:\java_source\mavenRelevant\maven_repository\javax\validation\validation-api\2.0.1.Final\validation-api-2.0.1.Final.jar;E:\java_source\mavenRelevant\maven_repository\cn\novelweb\tool-core\1.3.3\tool-core-1.3.3.jar;E:\java_source\mavenRelevant\maven_repository\net\sourceforge\nekohtml\nekohtml\1.9.22\nekohtml-1.9.22.jar;E:\java_source\mavenRelevant\maven_repository\xerces\xercesImpl\2.11.0\xercesImpl-2.11.0.jar;E:\java_source\mavenRelevant\maven_repository\xml-apis\xml-apis\1.4.01\xml-apis-1.4.01.jar;E:\java_source\mavenRelevant\maven_repository\commons-io\commons-io\2.4\commons-io-2.4.jar;E:\java_source\mavenRelevant\maven_repository\commons-fileupload\commons-fileupload\1.3.3\commons-fileupload-1.3.3.jar;E:\java_source\mavenRelevant\maven_repository\commons-net\commons-net\3.6\commons-net-3.6.jar;E:\java_source\mavenRelevant\maven_repository\org\apache\commons\commons-pool2\2.9.0\commons-pool2-2.9.0.jar;E:\java_source\mavenRelevant\maven_repository\com\github\caspar-chen\swagger-ui-layer\1.1.3\swagger-ui-layer-1.1.3.jar;E:\java_source\mavenRelevant\maven_repository\cn\hutool\hutool-all\5.2.3\hutool-all-5.2.3.jar;E:\java_source\mavenRelevant\maven_repository\com\qiniu\qiniu-java-sdk\7.2.29\qiniu-java-sdk-7.2.29.jar;E:\java_source\mavenRelevant\maven_repository\com\squareup\okhttp3\okhttp\3.14.9\okhttp-3.14.9.jar;E:\java_source\mavenRelevant\maven_repository\com\squareup\okio\okio\1.17.2\okio-1.17.2.jar;E:\java_source\mavenRelevant\maven_repository\com\google\code\gson\gson\2.8.7\gson-2.8.7.jar;E:\java_source\mavenRelevant\maven_repository\com\qcloud\cos_api\5.6.15\cos_api-5.6.15.jar;E:\java_source\mavenRelevant\maven_repository\joda-time\joda-time\2.9.9\joda-time-2.9.9.jar;E:\java_source\mavenRelevant\maven_repository\org\bouncycastle\bcprov-jdk15on\1.59\bcprov-jdk15on-1.59.jar;E:\java_source\mavenRelevant\maven_repository\org\springframework\boot\spring-boot-configuration-processor\2.5.4\spring-boot-configuration-processor-2.5.4.jar;"/>
    <property name="java.vm.vendor" value="Oracle Corporation"/>
    <property name="sun.arch.data.model" value="64"/>
    <property name="user.variant" value=""/>
    <property name="java.vendor.url" value="http://java.oracle.com/"/>
    <property name="user.timezone" value="Asia/Shanghai"/>
    <property name="java.vm.specification.version" value="11"/>
    <property name="os.name" value="Windows 10"/>
    <property name="sun.java.launcher" value="SUN_STANDARD"/>
    <property name="user.country" value="CN"/>
    <property name="sun.boot.library.path" value="E:\Java\jdk11\bin"/>
    <property name="sun.java.command" value="C:\Users\86136\AppData\Local\Temp\surefire17186085711150612941\surefirebooter163458787777772277.jar C:\Users\86136\AppData\Local\Temp\surefire17186085711150612941 2021-12-06T20-16-05_410-jvmRun1 surefire17425742117638334873tmp surefire_01020386487218862724tmp"/>
    <property name="jdk.debug" value="release"/>
    <property name="surefire.test.class.path" value="E:\java_source\study_html\target\test-classes;E:\java_source\study_html\target\classes;E:\java_source\mavenRelevant\maven_repository\io\springfox\springfox-swagger2\2.9.2\springfox-swagger2-2.9.2.jar;E:\java_source\mavenRelevant\maven_repository\io\springfox\springfox-spi\2.9.2\springfox-spi-2.9.2.jar;E:\java_source\mavenRelevant\maven_repository\io\springfox\springfox-core\2.9.2\springfox-core-2.9.2.jar;E:\java_source\mavenRelevant\maven_repository\io\springfox\springfox-schema\2.9.2\springfox-schema-2.9.2.jar;E:\java_source\mavenRelevant\maven_repository\io\springfox\springfox-swagger-common\2.9.2\springfox-swagger-common-2.9.2.jar;E:\java_source\mavenRelevant\maven_repository\io\springfox\springfox-spring-web\2.9.2\springfox-spring-web-2.9.2.jar;E:\java_source\mavenRelevant\maven_repository\com\google\guava\guava\20.0\guava-20.0.jar;E:\java_source\mavenRelevant\maven_repository\com\fasterxml\classmate\1.5.1\classmate-1.5.1.jar;E:\java_source\mavenRelevant\maven_repository\org\slf4j\slf4j-api\1.7.32\slf4j-api-1.7.32.jar;E:\java_source\mavenRelevant\maven_repository\org\springframework\plugin\spring-plugin-core\1.2.0.RELEASE\spring-plugin-core-1.2.0.RELEASE.jar;E:\java_source\mavenRelevant\maven_repository\org\springframework\spring-beans\5.3.9\spring-beans-5.3.9.jar;E:\java_source\mavenRelevant\maven_repository\org\springframework\spring-context\5.3.9\spring-context-5.3.9.jar;E:\java_source\mavenRelevant\maven_repository\org\springframework\spring-aop\5.3.9\spring-aop-5.3.9.jar;E:\java_source\mavenRelevant\maven_repository\org\springframework\plugin\spring-plugin-metadata\1.2.0.RELEASE\spring-plugin-metadata-1.2.0.RELEASE.jar;E:\java_source\mavenRelevant\maven_repository\org\mapstruct\mapstruct\1.2.0.Final\mapstruct-1.2.0.Final.jar;E:\java_source\mavenRelevant\maven_repository\log4j\log4j\1.2.17\log4j-1.2.17.jar;E:\java_source\mavenRelevant\maven_repository\junit\junit\4.13.2\junit-4.13.2.jar;E:\java_source\mavenRelevant\maven_repository\org\hamcrest\hamcrest-core\2.2\hamcrest-core-2.2.jar;E:\java_source\mavenRelevant\maven_repository\org\junit\jupiter\junit-jupiter-api\5.7.2\junit-jupiter-api-5.7.2.jar;E:\java_source\mavenRelevant\maven_repository\org\apiguardian\apiguardian-api\1.1.0\apiguardian-api-1.1.0.jar;E:\java_source\mavenRelevant\maven_repository\org\opentest4j\opentest4j\1.2.0\opentest4j-1.2.0.jar;E:\java_source\mavenRelevant\maven_repository\org\junit\platform\junit-platform-commons\1.7.2\junit-platform-commons-1.7.2.jar;E:\java_source\mavenRelevant\maven_repository\io\springfox\springfox-swagger-ui\2.9.2\springfox-swagger-ui-2.9.2.jar;E:\java_source\mavenRelevant\maven_repository\com\auth0\java-jwt\3.12.1\java-jwt-3.12.1.jar;E:\java_source\mavenRelevant\maven_repository\com\fasterxml\jackson\core\jackson-databind\2.12.4\jackson-databind-2.12.4.jar;E:\java_source\mavenRelevant\maven_repository\com\fasterxml\jackson\core\jackson-core\2.12.4\jackson-core-2.12.4.jar;E:\java_source\mavenRelevant\maven_repository\commons-codec\commons-codec\1.15\commons-codec-1.15.jar;E:\java_source\mavenRelevant\maven_repository\org\apache\shiro\shiro-spring\1.4.1\shiro-spring-1.4.1.jar;E:\java_source\mavenRelevant\maven_repository\org\apache\shiro\shiro-core\1.4.1\shiro-core-1.4.1.jar;E:\java_source\mavenRelevant\maven_repository\org\apache\shiro\shiro-lang\1.4.1\shiro-lang-1.4.1.jar;E:\java_source\mavenRelevant\maven_repository\org\apache\shiro\shiro-cache\1.4.1\shiro-cache-1.4.1.jar;E:\java_source\mavenRelevant\maven_repository\org\apache\shiro\shiro-crypto-hash\1.4.1\shiro-crypto-hash-1.4.1.jar;E:\java_source\mavenRelevant\maven_repository\org\apache\shiro\shiro-crypto-core\1.4.1\shiro-crypto-core-1.4.1.jar;E:\java_source\mavenRelevant\maven_repository\org\apache\shiro\shiro-crypto-cipher\1.4.1\shiro-crypto-cipher-1.4.1.jar;E:\java_source\mavenRelevant\maven_repository\org\apache\shiro\shiro-config-core\1.4.1\shiro-config-core-1.4.1.jar;E:\java_source\mavenRelevant\maven_repository\org\apache\shiro\shiro-config-ogdl\1.4.1\shiro-config-ogdl-1.4.1.jar;E:\java_source\mavenRelevant\maven_repository\org\apache\shiro\shiro-event\1.4.1\shiro-event-1.4.1.jar;E:\java_source\mavenRelevant\maven_repository\org\apache\shiro\shiro-web\1.4.1\shiro-web-1.4.1.jar;E:\java_source\mavenRelevant\maven_repository\org\springframework\boot\spring-boot-starter\2.5.4\spring-boot-starter-2.5.4.jar;E:\java_source\mavenRelevant\maven_repository\org\springframework\boot\spring-boot\2.5.4\spring-boot-2.5.4.jar;E:\java_source\mavenRelevant\maven_repository\org\springframework\boot\spring-boot-autoconfigure\2.5.4\spring-boot-autoconfigure-2.5.4.jar;E:\java_source\mavenRelevant\maven_repository\org\springframework\boot\spring-boot-starter-logging\2.5.4\spring-boot-starter-logging-2.5.4.jar;E:\java_source\mavenRelevant\maven_repository\ch\qos\logback\logback-classic\1.2.5\logback-classic-1.2.5.jar;E:\java_source\mavenRelevant\maven_repository\ch\qos\logback\logback-core\1.2.5\logback-core-1.2.5.jar;E:\java_source\mavenRelevant\maven_repository\org\apache\logging\log4j\log4j-to-slf4j\2.14.1\log4j-to-slf4j-2.14.1.jar;E:\java_source\mavenRelevant\maven_repository\org\apache\logging\log4j\log4j-api\2.14.1\log4j-api-2.14.1.jar;E:\java_source\mavenRelevant\maven_repository\org\slf4j\jul-to-slf4j\1.7.32\jul-to-slf4j-1.7.32.jar;E:\java_source\mavenRelevant\maven_repository\jakarta\annotation\jakarta.annotation-api\1.3.5\jakarta.annotation-api-1.3.5.jar;E:\java_source\mavenRelevant\maven_repository\org\springframework\spring-core\5.3.9\spring-core-5.3.9.jar;E:\java_source\mavenRelevant\maven_repository\org\springframework\spring-jcl\5.3.9\spring-jcl-5.3.9.jar;E:\java_source\mavenRelevant\maven_repository\org\yaml\snakeyaml\1.28\snakeyaml-1.28.jar;E:\java_source\mavenRelevant\maven_repository\org\projectlombok\lombok\1.18.20\lombok-1.18.20.jar;E:\java_source\mavenRelevant\maven_repository\org\springframework\boot\spring-boot-starter-web\2.5.4\spring-boot-starter-web-2.5.4.jar;E:\java_source\mavenRelevant\maven_repository\org\springframework\boot\spring-boot-starter-json\2.5.4\spring-boot-starter-json-2.5.4.jar;E:\java_source\mavenRelevant\maven_repository\com\fasterxml\jackson\datatype\jackson-datatype-jdk8\2.12.4\jackson-datatype-jdk8-2.12.4.jar;E:\java_source\mavenRelevant\maven_repository\com\fasterxml\jackson\datatype\jackson-datatype-jsr310\2.12.4\jackson-datatype-jsr310-2.12.4.jar;E:\java_source\mavenRelevant\maven_repository\com\fasterxml\jackson\module\jackson-module-parameter-names\2.12.4\jackson-module-parameter-names-2.12.4.jar;E:\java_source\mavenRelevant\maven_repository\org\springframework\boot\spring-boot-starter-tomcat\2.5.4\spring-boot-starter-tomcat-2.5.4.jar;E:\java_source\mavenRelevant\maven_repository\org\apache\tomcat\embed\tomcat-embed-core\9.0.52\tomcat-embed-core-9.0.52.jar;E:\java_source\mavenRelevant\maven_repository\org\apache\tomcat\embed\tomcat-embed-el\9.0.52\tomcat-embed-el-9.0.52.jar;E:\java_source\mavenRelevant\maven_repository\org\apache\tomcat\embed\tomcat-embed-websocket\9.0.52\tomcat-embed-websocket-9.0.52.jar;E:\java_source\mavenRelevant\maven_repository\org\springframework\spring-web\5.3.9\spring-web-5.3.9.jar;E:\java_source\mavenRelevant\maven_repository\org\springframework\spring-webmvc\5.3.9\spring-webmvc-5.3.9.jar;E:\java_source\mavenRelevant\maven_repository\org\springframework\spring-expression\5.3.9\spring-expression-5.3.9.jar;E:\java_source\mavenRelevant\maven_repository\org\mybatis\spring\boot\mybatis-spring-boot-starter\2.1.4\mybatis-spring-boot-starter-2.1.4.jar;E:\java_source\mavenRelevant\maven_repository\org\springframework\boot\spring-boot-starter-jdbc\2.5.4\spring-boot-starter-jdbc-2.5.4.jar;E:\java_source\mavenRelevant\maven_repository\com\zaxxer\HikariCP\4.0.3\HikariCP-4.0.3.jar;E:\java_source\mavenRelevant\maven_repository\org\springframework\spring-jdbc\5.3.9\spring-jdbc-5.3.9.jar;E:\java_source\mavenRelevant\maven_repository\org\springframework\spring-tx\5.3.9\spring-tx-5.3.9.jar;E:\java_source\mavenRelevant\maven_repository\org\mybatis\spring\boot\mybatis-spring-boot-autoconfigure\2.1.4\mybatis-spring-boot-autoconfigure-2.1.4.jar;E:\java_source\mavenRelevant\maven_repository\org\mybatis\mybatis\3.5.6\mybatis-3.5.6.jar;E:\java_source\mavenRelevant\maven_repository\org\mybatis\mybatis-spring\2.0.6\mybatis-spring-2.0.6.jar;E:\java_source\mavenRelevant\maven_repository\org\springframework\boot\spring-boot-devtools\2.5.4\spring-boot-devtools-2.5.4.jar;E:\java_source\mavenRelevant\maven_repository\com\alibaba\fastjson\1.2.75\fastjson-1.2.75.jar;E:\java_source\mavenRelevant\maven_repository\net\sf\json-lib\json-lib\2.4\json-lib-2.4-jdk15.jar;E:\java_source\mavenRelevant\maven_repository\commons-beanutils\commons-beanutils\1.8.0\commons-beanutils-1.8.0.jar;E:\java_source\mavenRelevant\maven_repository\commons-collections\commons-collections\3.2.1\commons-collections-3.2.1.jar;E:\java_source\mavenRelevant\maven_repository\commons-lang\commons-lang\2.5\commons-lang-2.5.jar;E:\java_source\mavenRelevant\maven_repository\commons-logging\commons-logging\1.1.1\commons-logging-1.1.1.jar;E:\java_source\mavenRelevant\maven_repository\net\sf\ezmorph\ezmorph\1.0.6\ezmorph-1.0.6.jar;E:\java_source\mavenRelevant\maven_repository\org\apache\httpcomponents\httpclient\4.5.13\httpclient-4.5.13.jar;E:\java_source\mavenRelevant\maven_repository\org\apache\httpcomponents\httpcore\4.4.14\httpcore-4.4.14.jar;E:\java_source\mavenRelevant\maven_repository\dom4j\dom4j\1.1\dom4j-1.1.jar;E:\java_source\mavenRelevant\maven_repository\mysql\mysql-connector-java\8.0.26\mysql-connector-java-8.0.26.jar;E:\java_source\mavenRelevant\maven_repository\org\springframework\boot\spring-boot-starter-test\2.5.4\spring-boot-starter-test-2.5.4.jar;E:\java_source\mavenRelevant\maven_repository\org\springframework\boot\spring-boot-test\2.5.4\spring-boot-test-2.5.4.jar;E:\java_source\mavenRelevant\maven_repository\org\springframework\boot\spring-boot-test-autoconfigure\2.5.4\spring-boot-test-autoconfigure-2.5.4.jar;E:\java_source\mavenRelevant\maven_repository\com\jayway\jsonpath\json-path\2.5.0\json-path-2.5.0.jar;E:\java_source\mavenRelevant\maven_repository\net\minidev\json-smart\2.4.7\json-smart-2.4.7.jar;E:\java_source\mavenRelevant\maven_repository\net\minidev\accessors-smart\2.4.7\accessors-smart-2.4.7.jar;E:\java_source\mavenRelevant\maven_repository\org\ow2\asm\asm\9.1\asm-9.1.jar;E:\java_source\mavenRelevant\maven_repository\jakarta\xml\bind\jakarta.xml.bind-api\2.3.3\jakarta.xml.bind-api-2.3.3.jar;E:\java_source\mavenRelevant\maven_repository\jakarta\activation\jakarta.activation-api\1.2.2\jakarta.activation-api-1.2.2.jar;E:\java_source\mavenRelevant\maven_repository\org\assertj\assertj-core\3.19.0\assertj-core-3.19.0.jar;E:\java_source\mavenRelevant\maven_repository\org\hamcrest\hamcrest\2.2\hamcrest-2.2.jar;E:\java_source\mavenRelevant\maven_repository\org\junit\jupiter\junit-jupiter\5.7.2\junit-jupiter-5.7.2.jar;E:\java_source\mavenRelevant\maven_repository\org\junit\jupiter\junit-jupiter-params\5.7.2\junit-jupiter-params-5.7.2.jar;E:\java_source\mavenRelevant\maven_repository\org\junit\jupiter\junit-jupiter-engine\5.7.2\junit-jupiter-engine-5.7.2.jar;E:\java_source\mavenRelevant\maven_repository\org\junit\platform\junit-platform-engine\1.7.2\junit-platform-engine-1.7.2.jar;E:\java_source\mavenRelevant\maven_repository\org\mockito\mockito-core\3.9.0\mockito-core-3.9.0.jar;E:\java_source\mavenRelevant\maven_repository\net\bytebuddy\byte-buddy\1.10.22\byte-buddy-1.10.22.jar;E:\java_source\mavenRelevant\maven_repository\net\bytebuddy\byte-buddy-agent\1.10.22\byte-buddy-agent-1.10.22.jar;E:\java_source\mavenRelevant\maven_repository\org\objenesis\objenesis\3.2\objenesis-3.2.jar;E:\java_source\mavenRelevant\maven_repository\org\mockito\mockito-junit-jupiter\3.9.0\mockito-junit-jupiter-3.9.0.jar;E:\java_source\mavenRelevant\maven_repository\org\skyscreamer\jsonassert\1.5.0\jsonassert-1.5.0.jar;E:\java_source\mavenRelevant\maven_repository\com\vaadin\external\google\android-json\0.0.20131108.vaadin1\android-json-0.0.20131108.vaadin1.jar;E:\java_source\mavenRelevant\maven_repository\org\springframework\spring-test\5.3.9\spring-test-5.3.9.jar;E:\java_source\mavenRelevant\maven_repository\org\xmlunit\xmlunit-core\2.8.2\xmlunit-core-2.8.2.jar;E:\java_source\mavenRelevant\maven_repository\org\webjars\bower\jquery\3.3.1\jquery-3.3.1.jar;E:\java_source\mavenRelevant\maven_repository\org\webjars\bootstrap\3.3.5\bootstrap-3.3.5.jar;E:\java_source\mavenRelevant\maven_repository\org\webjars\jquery\1.11.1\jquery-1.11.1.jar;E:\java_source\mavenRelevant\maven_repository\com\github\xiaoymin\swagger-bootstrap-ui\1.9.6\swagger-bootstrap-ui-1.9.6.jar;E:\java_source\mavenRelevant\maven_repository\org\javassist\javassist\3.25.0-GA\javassist-3.25.0-GA.jar;E:\java_source\mavenRelevant\maven_repository\io\swagger\swagger-annotations\1.5.22\swagger-annotations-1.5.22.jar;E:\java_source\mavenRelevant\maven_repository\io\swagger\swagger-models\1.5.22\swagger-models-1.5.22.jar;E:\java_source\mavenRelevant\maven_repository\com\fasterxml\jackson\core\jackson-annotations\2.12.4\jackson-annotations-2.12.4.jar;E:\java_source\mavenRelevant\maven_repository\com\github\pagehelper\pagehelper-spring-boot-starter\1.2.13\pagehelper-spring-boot-starter-1.2.13.jar;E:\java_source\mavenRelevant\maven_repository\com\github\pagehelper\pagehelper-spring-boot-autoconfigure\1.2.13\pagehelper-spring-boot-autoconfigure-1.2.13.jar;E:\java_source\mavenRelevant\maven_repository\com\github\pagehelper\pagehelper\5.1.11\pagehelper-5.1.11.jar;E:\java_source\mavenRelevant\maven_repository\com\github\jsqlparser\jsqlparser\2.0\jsqlparser-2.0.jar;E:\java_source\mavenRelevant\maven_repository\org\apache\commons\commons-lang3\3.9\commons-lang3-3.9.jar;E:\java_source\mavenRelevant\maven_repository\com\baomidou\mybatis-plus-boot-starter\3.3.0\mybatis-plus-boot-starter-3.3.0.jar;E:\java_source\mavenRelevant\maven_repository\com\baomidou\mybatis-plus\3.3.0\mybatis-plus-3.3.0.jar;E:\java_source\mavenRelevant\maven_repository\com\baomidou\mybatis-plus-generator\3.3.0\mybatis-plus-generator-3.3.0.jar;E:\java_source\mavenRelevant\maven_repository\com\baomidou\mybatis-plus-extension\3.3.0\mybatis-plus-extension-3.3.0.jar;E:\java_source\mavenRelevant\maven_repository\com\baomidou\mybatis-plus-core\3.3.0\mybatis-plus-core-3.3.0.jar;E:\java_source\mavenRelevant\maven_repository\com\baomidou\mybatis-plus-annotation\3.3.0\mybatis-plus-annotation-3.3.0.jar;E:\java_source\mavenRelevant\maven_repository\org\apache\velocity\velocity-engine-core\2.1\velocity-engine-core-2.1.jar;E:\java_source\mavenRelevant\maven_repository\javax\validation\validation-api\2.0.1.Final\validation-api-2.0.1.Final.jar;E:\java_source\mavenRelevant\maven_repository\cn\novelweb\tool-core\1.3.3\tool-core-1.3.3.jar;E:\java_source\mavenRelevant\maven_repository\net\sourceforge\nekohtml\nekohtml\1.9.22\nekohtml-1.9.22.jar;E:\java_source\mavenRelevant\maven_repository\xerces\xercesImpl\2.11.0\xercesImpl-2.11.0.jar;E:\java_source\mavenRelevant\maven_repository\xml-apis\xml-apis\1.4.01\xml-apis-1.4.01.jar;E:\java_source\mavenRelevant\maven_repository\commons-io\commons-io\2.4\commons-io-2.4.jar;E:\java_source\mavenRelevant\maven_repository\commons-fileupload\commons-fileupload\1.3.3\commons-fileupload-1.3.3.jar;E:\java_source\mavenRelevant\maven_repository\commons-net\commons-net\3.6\commons-net-3.6.jar;E:\java_source\mavenRelevant\maven_repository\org\apache\commons\commons-pool2\2.9.0\commons-pool2-2.9.0.jar;E:\java_source\mavenRelevant\maven_repository\com\github\caspar-chen\swagger-ui-layer\1.1.3\swagger-ui-layer-1.1.3.jar;E:\java_source\mavenRelevant\maven_repository\cn\hutool\hutool-all\5.2.3\hutool-all-5.2.3.jar;E:\java_source\mavenRelevant\maven_repository\com\qiniu\qiniu-java-sdk\7.2.29\qiniu-java-sdk-7.2.29.jar;E:\java_source\mavenRelevant\maven_repository\com\squareup\okhttp3\okhttp\3.14.9\okhttp-3.14.9.jar;E:\java_source\mavenRelevant\maven_repository\com\squareup\okio\okio\1.17.2\okio-1.17.2.jar;E:\java_source\mavenRelevant\maven_repository\com\google\code\gson\gson\2.8.7\gson-2.8.7.jar;E:\java_source\mavenRelevant\maven_repository\com\qcloud\cos_api\5.6.15\cos_api-5.6.15.jar;E:\java_source\mavenRelevant\maven_repository\joda-time\joda-time\2.9.9\joda-time-2.9.9.jar;E:\java_source\mavenRelevant\maven_repository\org\bouncycastle\bcprov-jdk15on\1.59\bcprov-jdk15on-1.59.jar;E:\java_source\mavenRelevant\maven_repository\org\springframework\boot\spring-boot-configuration-processor\2.5.4\spring-boot-configuration-processor-2.5.4.jar;"/>
    <property name="sun.cpu.endian" value="little"/>
    <property name="user.home" value="C:\Users\86136"/>
    <property name="user.language" value="zh"/>
    <property name="java.specification.vendor" value="Oracle Corporation"/>
    <property name="java.version.date" value="2019-10-15"/>
    <property name="java.home" value="E:\Java\jdk11"/>
    <property name="file.separator" value="\"/>
    <property name="basedir" value="E:\java_source\study_html"/>
    <property name="java.vm.compressedOopsMode" value="32-bit"/>
    <property name="line.separator" value="&#10;"/>
    <property name="java.specification.name" value="Java Platform API Specification"/>
    <property name="java.vm.specification.vendor" value="Oracle Corporation"/>
    <property name="java.awt.graphicsenv" value="sun.awt.Win32GraphicsEnvironment"/>
    <property name="idea.version2020.1.2" value="true"/>
    <property name="surefire.real.class.path" value="C:\Users\86136\AppData\Local\Temp\surefire17186085711150612941\surefirebooter163458787777772277.jar"/>
    <property name="user.script" value=""/>
    <property name="sun.management.compiler" value="HotSpot 64-Bit Tiered Compilers"/>
    <property name="java.runtime.version" value="11.0.5+10-LTS"/>
    <property name="user.name" value="86136"/>
    <property name="path.separator" value=";"/>
    <property name="os.version" value="10.0"/>
    <property name="java.runtime.name" value="Java(TM) SE Runtime Environment"/>
    <property name="file.encoding" value="GBK"/>
    <property name="java.vm.name" value="Java HotSpot(TM) 64-Bit Server VM"/>
    <property name="java.vendor.version" value="18.9"/>
    <property name="localRepository" value="E:\java_source\mavenRelevant\maven_repository"/>
    <property name="java.vendor.url.bug" value="http://bugreport.java.com/bugreport/"/>
    <property name="java.io.tmpdir" value="C:\Users\86136\AppData\Local\Temp\"/>
    <property name="java.version" value="11.0.5"/>
    <property name="user.dir" value="E:\java_source\study_html"/>
    <property name="os.arch" value="amd64"/>
    <property name="java.vm.specification.name" value="Java Virtual Machine Specification"/>
    <property name="java.awt.printerjob" value="sun.awt.windows.WPrinterJob"/>
    <property name="sun.os.patch.level" value=""/>
    <property name="java.library.path" value="E:\Java\jdk11\bin;C:\WINDOWS\Sun\Java\bin;C:\WINDOWS\system32;C:\WINDOWS;C:\ProgramData\Oracle\Java\javapath;C:\Program Files\Microsoft MPI\Bin\;E:\java\jdk11\bin;E:\XSHELL\;E:\python\Scripts\;E:\python\;C:\Windows\system32;C:\Windows;C:\Windows\System32\Wbem;C:\Windows\System32\WindowsPowerShell\v1.0\;C:\Windows\System32\OpenSSH\;C:\Program Files (x86)\Intel\Intel(R) Management Engine Components\DAL;C:\Program Files\Intel\Intel(R) Management Engine Components\DAL;C:\Program Files (x86)\NVIDIA Corporation\PhysX\Common;C:\Program Files\NVIDIA Corporation\NVIDIA NvDLISR;C:\Program Files\Intel\WiFi\bin\;C:\Program Files\Common Files\Intel\WirelessCommon\;C:\WINDOWS\system32;C:\WINDOWS;C:\WINDOWS\System32\Wbem;C:\WINDOWS\System32\WindowsPowerShell\v1.0\;C:\WINDOWS\System32\OpenSSH\;E:\git\Git\cmd;%MYSQL_HOME%\bin;E:\java_source\mavenRelevant\maven\apache-maven-3.6.3\bin;C:\Program Files\dotnet\;C:\Program Files\Microsoft SQL Server\130\Tools\Binn\;E:\nodejs\;C:\Program Files (x86)\Microsoft SQL Server\150\DTS\Binn\;C:\Program Files\Azure Data Studio\bin;C:\Program Files (x86)\Microsoft SQL Server\150\Tools\Binn\;C:\Program Files\Microsoft SQL Server\150\Tools\Binn\;C:\Program Files\Microsoft SQL Server\150\DTS\Binn\;C:\Program Files\Microsoft SQL Server\Client SDK\ODBC\170\Tools\Binn\;E:\putty\;E:\matlab\runtime\win64;E:\matlab\bin;E:\Erlang\erl-24.0.3\bin;E:\RabbitMQ\rabbitmq_server-3.8.19\sbin;E:\Android_SDK\build-tools\30.0.0;E:\Android_SDK\tools;E:\Android_SDK\platform-tools;C:\Users\86136\AppData\Local\Programs\Python\Python38;E:\xmanager\Xmanager 7\;E:\xmanager\Xshell 7\;E:\xmanager\Xftp 7\;E:\xmanager\Xlpd 7\;E:\codeblocks\MinGW\bin;C:\Users\86136\AppData\Local\Microsoft\WindowsApps;C:\Users\86136\AppData\Local\GitHubDesktop\bin;C:\Users\86136\.dotnet\tools;C:\Users\86136\AppData\Roaming\npm;C:\Program Files\Azure Data Studio\bin;C:\Users\86136\AppData\Local\Microsoft\WindowsApps;;E:\fiddler;C:\Users\86136\.dotnet\tools;E:\VS_CODE\Microsoft VS Code\bin;."/>
    <property name="java.vendor" value="Oracle Corporation"/>
    <property name="java.vm.info" value="mixed mode"/>
    <property name="java.vm.version" value="11.0.5+10-LTS"/>
    <property name="sun.io.unicode.encoding" value="UnicodeLittle"/>
    <property name="maven.repo.local" value="E:\java_source\mavenRelevant\maven_repository"/>
    <property name="java.class.version" value="55.0"/>
  </properties>
  <testcase name="contextLoads" classname="com.tubai.study_html.StudyHtmlApplicationTests" time="0.529"/>
</testsuite>